<?xml version="1.0" encoding="UTF-8"?>
<!-- Generated by org.testng.reporters.JUnitXMLReporter -->
<testsuite ignored="2" hostname="Lishanth" failures="0" tests="0" time="0.038" errors="0" timestamp="2024-08-29T23:00:54 GST">
  <testcase classname="test.TC_002LoginFunctionalityDemoBlaze" name="testlogin1" time="0.0">
    <ignored/>
  </testcase> <!-- testlogin1 -->
  <testcase classname="test.TC_002LoginFunctionalityDemoBlaze" name="testlogin" time="0.0">
    <ignored/>
  </testcase> <!-- testlogin -->
</testsuite>
