<?xml version="1.0" encoding="UTF-8"?>
<!-- Generated by org.testng.reporters.JUnitXMLReporter -->
<testsuite ignored="1" hostname="Lishanth" failures="0" tests="4" name="Test1" time="32.11" errors="0" timestamp="2024-08-29T21:57:26 GST">
  <testcase classname="base.Projectspecficationmethod" name="@BeforeMethod naivigateurl" time="2.006">
    <failure type="java.net.SocketTimeoutException" message="Connect timed out">
      <![CDATA[java.net.SocketTimeoutException: Connect timed out
at java.base/sun.nio.ch.NioSocketImpl.timedFinishConnect(NioSocketImpl.java:551)
at java.base/sun.nio.ch.NioSocketImpl.connect(NioSocketImpl.java:602)
at java.base/java.net.SocksSocketImpl.connect(SocksSocketImpl.java:327)
at java.base/java.net.Socket.connect(Socket.java:633)
at java.base/sun.security.ssl.SSLSocketImpl.connect(SSLSocketImpl.java:304)
at java.base/sun.net.NetworkClient.doConnect(NetworkClient.java:178)
at java.base/sun.net.www.http.HttpClient.openServer(HttpClient.java:533)
at java.base/sun.net.www.http.HttpClient.openServer(HttpClient.java:638)
at java.base/sun.net.www.protocol.https.HttpsClient.<init>(HttpsClient.java:266)
at java.base/sun.net.www.protocol.https.HttpsClient.New(HttpsClient.java:380)
at java.base/sun.net.www.protocol.https.AbstractDelegateHttpsURLConnection.getNewHttpClient(AbstractDelegateHttpsURLConnection.java:193)
at java.base/sun.net.www.protocol.http.HttpURLConnection.plainConnect0(HttpURLConnection.java:1242)
at java.base/sun.net.www.protocol.http.HttpURLConnection.plainConnect(HttpURLConnection.java:1128)
at java.base/sun.net.www.protocol.https.AbstractDelegateHttpsURLConnection.connect(AbstractDelegateHttpsURLConnection.java:179)
at java.base/sun.net.www.protocol.https.HttpsURLConnectionImpl.connect(HttpsURLConnectionImpl.java:142)
at utils.utility.geturl(utility.java:66)
at base.Projectspecficationmethod.naivigateurl(Projectspecficationmethod.java:19)
at java.base/java.util.ArrayList.forEach(ArrayList.java:1511)
... Removed 31 stack frames]]>
    </failure>
  </testcase> <!-- @BeforeMethod naivigateurl -->
  <testcase classname="base.Projectspecficationmethod" name="@AfterMethod close" time="-1.724954245991E9">
    <skipped/>
  </testcase> <!-- @AfterMethod close -->
  <testcase classname="base.Projectspecficationmethod" name="@BeforeMethod launchingbrowser" time="-1.724954245993E9">
    <skipped/>
  </testcase> <!-- @BeforeMethod launchingbrowser -->
  <testcase classname="base.Projectspecficationmethod" name="@BeforeMethod naivigateurl" time="-1.724954245994E9">
    <skipped/>
  </testcase> <!-- @BeforeMethod naivigateurl -->
  <testcase classname="base.Projectspecficationmethod" name="@AfterMethod close" time="-1.724954246001E9">
    <skipped/>
  </testcase> <!-- @AfterMethod close -->
  <testcase classname="test.TS_002Logintest" name="testlogin1" time="2.525"/>
  <testcase classname="test.TS_002Logintest" name="testlogin1" time="2.017"/>
  <testcase classname="test.TS_002Logintest" name="testlogin1" time="0.0">
    <skipped/>
  </testcase> <!-- testlogin1 -->
  <testcase classname="test.TS_002Logintest" name="testlogin1" time="0.0">
    <skipped/>
  </testcase> <!-- testlogin1 -->
  <testcase classname="test.TS_002Logintest" name="testlogin" time="0.0">
    <ignored/>
  </testcase> <!-- testlogin -->
</testsuite> <!-- Test1 -->
