<?xml version="1.0" encoding="UTF-8"?>
<!-- Generated by org.testng.reporters.JUnitXMLReporter -->
<testsuite ignored="6" hostname="Lishanth" failures="0" tests="14" name="Test" time="97.588" errors="0" timestamp="2024-08-30T01:58:03 GST">
  <testcase classname="test.TC_002LoginFunctionalityDemoBlaze" name="LoginFunctionality" time="4.144"/>
  <testcase classname="test.TC_002LoginFunctionalityDemoBlaze" name="LoginFunctionality" time="3.807"/>
  <testcase classname="test.TC_002LoginFunctionalityDemoBlaze" name="LoginFunctionality" time="3.628"/>
  <testcase classname="test.TC_003_LogoutDisplayedafterLogin" name="tc_003_LogoutDisplayedafterLogin" time="1.962"/>
  <testcase classname="test.TC_001SignupFunctionalityDemoblaze" name="SignUpFunctionality" time="2.36"/>
  <testcase classname="test.TC_001SignupFunctionalityDemoblaze" name="SignUpFunctionality" time="3.694"/>
  <testcase classname="test.TC_001SignupFunctionalityDemoblaze" name="SignUpFunctionality" time="3.579"/>
  <testcase classname="test.TC_001SignupFunctionalityDemoblaze" name="SignUpFunctionality" time="2.975"/>
  <testcase classname="test.TC_001SignupFunctionalityDemoblaze" name="SignUpFunctionality" time="1.593"/>
  <testcase classname="test.TC_001SignupFunctionalityDemoblaze" name="SignUpFunctionality" time="2.598"/>
  <testcase classname="test.TC_001SignupFunctionalityDemoblaze" name="SignUpFunctionality" time="1.63"/>
  <testcase classname="test.TC_004_InvalidLoginFields" name="tc_004_InvalidLoginFields" time="1.759"/>
  <testcase classname="test.TC_004_InvalidLoginFields" name="tc_004_InvalidLoginFields" time="1.89"/>
  <testcase classname="test.TC_004_InvalidLoginFields" name="tc_004_InvalidLoginFields" time="2.24"/>
  <testcase classname="base.Projectspecficationmethod" name="@AfterSuite EndTest" time="0.0">
    <ignored/>
  </testcase> <!-- @AfterSuite EndTest -->
  <testcase classname="base.Projectspecficationmethod" name="@AfterSuite EndTest" time="0.0">
    <ignored/>
  </testcase> <!-- @AfterSuite EndTest -->
  <testcase classname="base.Projectspecficationmethod" name="@AfterSuite EndTest" time="0.0">
    <ignored/>
  </testcase> <!-- @AfterSuite EndTest -->
  <testcase classname="base.Projectspecficationmethod" name="@BeforeSuite StartTest" time="0.0">
    <ignored/>
  </testcase> <!-- @BeforeSuite StartTest -->
  <testcase classname="base.Projectspecficationmethod" name="@BeforeSuite StartTest" time="0.0">
    <ignored/>
  </testcase> <!-- @BeforeSuite StartTest -->
  <testcase classname="base.Projectspecficationmethod" name="@BeforeSuite StartTest" time="0.0">
    <ignored/>
  </testcase> <!-- @BeforeSuite StartTest -->
</testsuite> <!-- Test -->
